#! /usr/local/Cellar/icarus-verilog/10.3/bin/vvp
:ivl_version "10.3 (stable)" "(v10_3)";
:ivl_delay_selection "TYPICAL";
:vpi_time_precision + 0;
:vpi_module "system";
:vpi_module "vhdl_sys";
:vpi_module "v2005_math";
:vpi_module "va_math";
S_0x7fcd70c10b90 .scope module, "wb_stage" "wb_stage" 2 3;
 .timescale 0 0;
    .port_info 0 /INPUT 1 "clk"
    .port_info 1 /INPUT 1 "reset"
    .port_info 2 /OUTPUT 1 "ws_allowin"
    .port_info 3 /INPUT 1 "ms_to_ws_valid"
    .port_info 4 /INPUT 70 "ms_to_ws_bus"
    .port_info 5 /OUTPUT 38 "ws_to_rf_bus"
    .port_info 6 /OUTPUT 32 "debug_wb_pc"
    .port_info 7 /OUTPUT 4 "debug_wb_rf_wen"
    .port_info 8 /OUTPUT 5 "debug_wb_rf_wnum"
    .port_info 9 /OUTPUT 32 "debug_wb_rf_wdata"
L_0x7fcd70e63008 .functor BUFT 1, C4<1>, C4<0>, C4<0>, C4<0>;
L_0x7fcd70c21b00 .functor OR 1, L_0x7fcd70c21a20, L_0x7fcd70e63008, C4<0>, C4<0>;
L_0x7fcd70c21c30 .functor AND 1, L_0x7fcd70c21560, v0x7fcd70c213d0_0, C4<1>, C4<1>;
L_0x7fcd70c21d60 .functor BUFZ 5, L_0x7fcd70c21600, C4<00000>, C4<00000>, C4<00000>;
L_0x7fcd70c21e50 .functor BUFZ 32, L_0x7fcd70c216a0, C4<00000000000000000000000000000000>, C4<00000000000000000000000000000000>, C4<00000000000000000000000000000000>;
L_0x7fcd70c21f00 .functor BUFZ 32, L_0x7fcd70c21740, C4<00000000000000000000000000000000>, C4<00000000000000000000000000000000>, C4<00000000000000000000000000000000>;
L_0x7fcd70c22100 .functor BUFZ 5, L_0x7fcd70c21600, C4<00000>, C4<00000>, C4<00000>;
L_0x7fcd70c221b0 .functor BUFZ 32, L_0x7fcd70c216a0, C4<00000000000000000000000000000000>, C4<00000000000000000000000000000000>, C4<00000000000000000000000000000000>;
v0x7fcd70c10480_0 .net *"_s12", 0 0, L_0x7fcd70c21a20;  1 drivers
v0x7fcd70c20530_0 .net *"_s6", 69 0, v0x7fcd70c20a20_0;  1 drivers
o0x7fcd70e32068 .functor BUFZ 1, C4<z>; HiZ drive
v0x7fcd70c205d0_0 .net "clk", 0 0, o0x7fcd70e32068;  0 drivers
v0x7fcd70c20680_0 .net "debug_wb_pc", 31 0, L_0x7fcd70c21f00;  1 drivers
v0x7fcd70c20720_0 .net "debug_wb_rf_wdata", 31 0, L_0x7fcd70c221b0;  1 drivers
v0x7fcd70c20810_0 .net "debug_wb_rf_wen", 3 0, L_0x7fcd70c21fb0;  1 drivers
v0x7fcd70c208c0_0 .net "debug_wb_rf_wnum", 4 0, L_0x7fcd70c22100;  1 drivers
o0x7fcd70e32158 .functor BUFZ 70, C4<zzzzzzzzzzzzzzzzzzzzzzzzzzzzzzzzzzzzzzzzzzzzzzzzzzzzzzzzzzzzzzzzzzzzzz>; HiZ drive
v0x7fcd70c20970_0 .net "ms_to_ws_bus", 69 0, o0x7fcd70e32158;  0 drivers
v0x7fcd70c20a20_0 .var "ms_to_ws_bus_r", 69 0;
o0x7fcd70e321b8 .functor BUFZ 1, C4<z>; HiZ drive
v0x7fcd70c20b30_0 .net "ms_to_ws_valid", 0 0, o0x7fcd70e321b8;  0 drivers
o0x7fcd70e321e8 .functor BUFZ 1, C4<z>; HiZ drive
v0x7fcd70c20bd0_0 .net "reset", 0 0, o0x7fcd70e321e8;  0 drivers
v0x7fcd70c20c70_0 .net "rf_waddr", 4 0, L_0x7fcd70c21d60;  1 drivers
v0x7fcd70c20d20_0 .net "rf_wdata", 31 0, L_0x7fcd70c21e50;  1 drivers
v0x7fcd70c20dd0_0 .net "rf_we", 0 0, L_0x7fcd70c21c30;  1 drivers
v0x7fcd70c20e70_0 .net "ws_allowin", 0 0, L_0x7fcd70c21b00;  1 drivers
v0x7fcd70c20f10_0 .net "ws_dest", 4 0, L_0x7fcd70c21600;  1 drivers
v0x7fcd70c20fc0_0 .net "ws_final_result", 31 0, L_0x7fcd70c216a0;  1 drivers
v0x7fcd70c21150_0 .net "ws_gr_we", 0 0, L_0x7fcd70c21560;  1 drivers
v0x7fcd70c211e0_0 .net "ws_pc", 31 0, L_0x7fcd70c21740;  1 drivers
v0x7fcd70c21280_0 .net "ws_ready_go", 0 0, L_0x7fcd70e63008;  1 drivers
v0x7fcd70c21320_0 .net "ws_to_rf_bus", 37 0, L_0x7fcd70c218f0;  1 drivers
v0x7fcd70c213d0_0 .var "ws_valid", 0 0;
E_0x7fcd70c0ea60 .event posedge, v0x7fcd70c205d0_0;
L_0x7fcd70c21560 .part v0x7fcd70c20a20_0, 69, 1;
L_0x7fcd70c21600 .part v0x7fcd70c20a20_0, 64, 5;
L_0x7fcd70c216a0 .part v0x7fcd70c20a20_0, 32, 32;
L_0x7fcd70c21740 .part v0x7fcd70c20a20_0, 0, 32;
L_0x7fcd70c218f0 .concat [ 32 5 1 0], L_0x7fcd70c21e50, L_0x7fcd70c21d60, L_0x7fcd70c21c30;
L_0x7fcd70c21a20 .reduce/nor v0x7fcd70c213d0_0;
L_0x7fcd70c21fb0 .concat [ 1 1 1 1], L_0x7fcd70c21c30, L_0x7fcd70c21c30, L_0x7fcd70c21c30, L_0x7fcd70c21c30;
    .scope S_0x7fcd70c10b90;
T_0 ;
    %wait E_0x7fcd70c0ea60;
    %load/vec4 v0x7fcd70c20bd0_0;
    %flag_set/vec4 8;
    %jmp/0xz  T_0.0, 8;
    %pushi/vec4 0, 0, 1;
    %assign/vec4 v0x7fcd70c213d0_0, 0;
    %jmp T_0.1;
T_0.0 ;
    %load/vec4 v0x7fcd70c20e70_0;
    %flag_set/vec4 8;
    %jmp/0xz  T_0.2, 8;
    %load/vec4 v0x7fcd70c20b30_0;
    %assign/vec4 v0x7fcd70c213d0_0, 0;
T_0.2 ;
T_0.1 ;
    %load/vec4 v0x7fcd70c20b30_0;
    %load/vec4 v0x7fcd70c20e70_0;
    %and;
    %flag_set/vec4 8;
    %jmp/0xz  T_0.4, 8;
    %load/vec4 v0x7fcd70c20970_0;
    %assign/vec4 v0x7fcd70c20a20_0, 0;
T_0.4 ;
    %jmp T_0;
    .thread T_0;
# The file index is used to find the file name in the following table.
:file_names 3;
    "N/A";
    "<interactive>";
    "wb_stage.v";
